Log file open, 07/31/17 07:30:13
LogInit:Display: Running engine for game: CthuluEatsMan
LogPlatformFile: Not using cached read wrapper
LogInit:Display: RandInit(877580151) SRandInit(877580151).
LogTaskGraph: Started task graph with 5 named threads and 8 total threads with 1 sets of task threads.
LogStats: Stats thread started at 0.080051
LogInit: Using libcurl 7.47.1
LogInit:  - built for x86_64-pc-win32
LogInit:  - supports SSL with OpenSSL/1.0.2g
LogInit:  - supports HTTP deflate (compression) using libz 1.2.8
LogInit:  - other features:
LogInit:      CURL_VERSION_SSL
LogInit:      CURL_VERSION_LIBZ
LogInit:      CURL_VERSION_IPV6
LogInit:      CURL_VERSION_ASYNCHDNS
LogInit:      CURL_VERSION_LARGEFILE
LogInit:      CURL_VERSION_IDN
LogInit:  CurlRequestOptions (configurable via config and command line):
LogInit:  - bVerifyPeer = false  - Libcurl will NOT verify peer certificate
LogInit:  - bUseHttpProxy = false  - Libcurl will NOT use HTTP proxy
LogInit:  - bDontReuseConnections = false  - Libcurl will reuse connections
LogInit:  - CertBundlePath = nullptr  - Libcurl will use whatever was configured at build time.
LogInit: Build: ++UE4+Release-4.15-CL-3450819
LogInit: Engine Version: 4.15.3-3450819+++UE4+Release-4.15
LogInit: Compatible Engine Version: 4.15.0-3299760+++UE4+Release-4.15
LogInit: Net CL: 3299760
LogDevObjectVersion: Number of dev versions registered: 14
LogDevObjectVersion:   Dev-Blueprints (B0D832E4-1F89-4F0D-ACCF-7EB736FD4AA2): 8
LogDevObjectVersion:   Dev-Build (E1C64328-A22C-4D53-A36C-8E866417BD8C): 0
LogDevObjectVersion:   Dev-Core (375EC13C-06E4-48FB-B500-84F0262A717E): 2
LogDevObjectVersion:   Dev-Editor (E4B068ED-F494-42E9-A231-DA0B2E46BB41): 14
LogDevObjectVersion:   Dev-Framework (CFFC743F-43B0-4480-9391-14DF171D2073): 22
LogDevObjectVersion:   Dev-Mobile (B02B49B5-BB20-44E9-A304-32B752E40360): 0
LogDevObjectVersion:   Dev-Networking (A4E4105C-59A1-49B5-A7C5-40C4547EDFEE): 0
LogDevObjectVersion:   Dev-Online (39C831C9-5AE6-47DC-9A44-9C173E1C8E7C): 0
LogDevObjectVersion:   Dev-Physics (78F01B33-EBEA-4F98-B9B4-84EACCB95AA2): 0
LogDevObjectVersion:   Dev-Platform (6631380F-2D4D-43E0-8009-CF276956A95A): 0
LogDevObjectVersion:   Dev-Rendering (12F88B9F-8875-4AFC-A67C-D90C383ABD29): 12
LogDevObjectVersion:   Dev-Sequencer (7B5AE74C-D270-4C10-A958-57980B212A5A): 3
LogDevObjectVersion:   Dev-VR (D7296918-1DD6-4BDD-9DE2-64A83CC13884): 0
LogDevObjectVersion:   Dev-LoadTimes (C2A15278-BFE7-4AFE-6C17-90FF531DF755): 1
LogInit: Compiled (64-bit): May 21 2017 11:02:34
LogInit: Compiled with Visual C++: 19.00.23026.00
LogInit: Build Configuration: Development
LogInit: Branch Name: ++UE4+Release-4.15
LogInit: Command line:  
LogInit: Base directory: E:/Program Files/Epic Games/UE_4.15/Engine/Binaries/Win64/
LogInit: Installed Engine Build: 1
LogInit: Presizing for max 8388607 objects, including 0 objects not considered by GC, pre-allocating 0 bytes for permanent pool.
LogInit: Object subsystem initialized
[2017.07.31-14.30.15:076][  0]LogInit: Selected Device Profile: [Windows]
[2017.07.31-14.30.15:076][  0]LogInit: Applying CVar settings loaded from the selected device profile: [Windows]
[2017.07.31-14.30.15:089][  0]LogInit: Computer: DESKTOP-RVOAIQO
[2017.07.31-14.30.15:089][  0]LogInit: User: Just0n
[2017.07.31-14.30.15:089][  0]LogInit: CPU Page size=65536, Cores=4
[2017.07.31-14.30.15:089][  0]LogInit: High frequency timer resolution =3.410228 MHz
[2017.07.31-14.30.15:090][  0]LogMemory: Memory total: Physical=32.0GB (32GB approx)
[2017.07.31-14.30.15:090][  0]LogMemory: Platform Memory Stats for Windows
[2017.07.31-14.30.15:090][  0]LogMemory: Process Physical Memory: 263.81 MB used, 263.81 MB peak
[2017.07.31-14.30.15:090][  0]LogMemory: Process Virtual Memory: 262.62 MB used, 262.62 MB peak
[2017.07.31-14.30.15:090][  0]LogMemory: Physical Memory: 8625.36 MB used,  24124.65 MB free, 32750.00 MB total
[2017.07.31-14.30.15:090][  0]LogMemory: Virtual Memory: 649.92 MB used,  24124.65 MB free, 134217728.00 MB total
[2017.07.31-14.30.15:173][  0]LogTextLocalizationManager: No specific translations for ('en-US') exist, so ('en') translations will be used.
[2017.07.31-14.30.15:875][  0]LogD3D11RHI: D3D11 adapters:
[2017.07.31-14.30.16:432][  0]LogD3D11RHI:    0. 'NVIDIA GeForce GTX 970' (Feature Level 11_0)
[2017.07.31-14.30.16:432][  0]LogD3D11RHI:       4059/0/16375 MB DedicatedVideo/DedicatedSystem/SharedSystem, Outputs:2, VendorId:0x10de
[2017.07.31-14.30.16:433][  0]LogD3D11RHI:    1. 'Microsoft Basic Render Driver' (Feature Level 11_0)
[2017.07.31-14.30.16:433][  0]LogD3D11RHI:       0/0/16375 MB DedicatedVideo/DedicatedSystem/SharedSystem, Outputs:0, VendorId:0x1414
[2017.07.31-14.30.16:433][  0]LogD3D11RHI: Chosen D3D11 Adapter: 0
[2017.07.31-14.30.16:440][  0]LogD3D11RHI: Creating new Direct3DDevice
[2017.07.31-14.30.16:440][  0]LogD3D11RHI:     GPU DeviceId: 0x13c2 (for the marketing name, search the web for "GPU Device Id")
[2017.07.31-14.30.16:440][  0]LogWindows: EnumDisplayDevices:
[2017.07.31-14.30.16:440][  0]LogWindows:    0. 'NVIDIA GeForce GTX 970' (P:1 D:1)
[2017.07.31-14.30.16:440][  0]LogWindows:    1. 'NVIDIA GeForce GTX 970' (P:0 D:1)
[2017.07.31-14.30.16:441][  0]LogWindows:    2. 'NVIDIA GeForce GTX 970' (P:0 D:0)
[2017.07.31-14.30.16:441][  0]LogWindows:    3. 'NVIDIA GeForce GTX 970' (P:0 D:0)
[2017.07.31-14.30.16:441][  0]LogWindows: DebugString: FoundDriverCount:4 
[2017.07.31-14.30.16:441][  0]LogD3D11RHI:     Adapter Name: NVIDIA GeForce GTX 970
[2017.07.31-14.30.16:441][  0]LogD3D11RHI:   Driver Version: 382.05 (internal:22.21.13.8205, unified:382.05)
[2017.07.31-14.30.16:441][  0]LogD3D11RHI:      Driver Date: 5-1-2017
[2017.07.31-14.30.16:441][  0]LogRHI: Texture pool is 1361 MB (70% of 1945 MB)
[2017.07.31-14.30.16:989][  0]LogD3D11RHI: Async texture creation enabled
[2017.07.31-14.30.17:030][  0]LogD3D11RHI: GPU Timing Frequency: 1000.000000 (Debug: 2 1)
[2017.07.31-14.30.17:037][  0]LogShaderCompilers: Guid format shader working directory is -31 characters bigger than the processId version (../../../../../../Users/Just_0n/Documents/GitHub/CthuluhEatsAMan/CthuluEatsMan/Intermediate/Shaders/WorkingDirectory/14816/).
[2017.07.31-14.30.17:037][  0]LogShaderCompilers: Cleaned the shader compiler working directory 'C:/Users/Just_0n/AppData/Local/Temp/UnrealShaderWorkingDir/F240D2BA43D2D46F044759A777D1EC52/'.
[2017.07.31-14.30.17:037][  0]LogShaderCompilers:Display: Using Local Shader Compiler.
[2017.07.31-14.30.18:232][  0]LogTemp:Display: Loaded TP AllDesktopTargetPlatform
[2017.07.31-14.30.18:285][  0]LogTemp:Display: Loaded TP MacClientTargetPlatform
[2017.07.31-14.30.18:338][  0]LogTemp:Display: Loaded TP MacNoEditorTargetPlatform
[2017.07.31-14.30.18:390][  0]LogTemp:Display: Loaded TP MacServerTargetPlatform
[2017.07.31-14.30.18:449][  0]LogTemp:Display: Loaded TP MacTargetPlatform
[2017.07.31-14.30.18:505][  0]LogTemp:Display: Loaded TP WindowsClientTargetPlatform
[2017.07.31-14.30.18:557][  0]LogTemp:Display: Loaded TP WindowsNoEditorTargetPlatform
[2017.07.31-14.30.18:609][  0]LogTemp:Display: Loaded TP WindowsServerTargetPlatform
[2017.07.31-14.30.18:649][  0]LogTemp:Display: Loaded TP WindowsTargetPlatform
[2017.07.31-14.30.18:699][  0]LogTemp:Display: Loaded TP AndroidTargetPlatform
[2017.07.31-14.30.18:756][  0]LogTemp:Display: Loaded TP Android_ASTCTargetPlatform
[2017.07.31-14.30.18:815][  0]LogTemp:Display: Loaded TP Android_ATCTargetPlatform
[2017.07.31-14.30.18:865][  0]LogTemp:Display: Loaded TP Android_DXTTargetPlatform
[2017.07.31-14.30.18:919][  0]LogTemp:Display: Loaded TP Android_ETC1TargetPlatform
[2017.07.31-14.30.18:971][  0]LogTemp:Display: Loaded TP Android_ETC2TargetPlatform
[2017.07.31-14.30.19:076][  0]LogTemp:Display: Loaded TP Android_MultiTargetPlatform
[2017.07.31-14.30.19:076][  0]LogTemp:Display: Loaded TP Android_PVRTCTargetPlatform
[2017.07.31-14.30.19:111][  0]LogTemp:Display: Loaded TP HTML5TargetPlatform
[2017.07.31-14.30.19:203][  0]LogTemp:Display: Loaded TP IOSTargetPlatform
[2017.07.31-14.30.19:238][  0]LogTemp:Display: Loaded TP TVOSTargetPlatform
[2017.07.31-14.30.19:289][  0]LogTemp:Display: Loaded TP LinuxClientTargetPlatform
[2017.07.31-14.30.19:354][  0]LogTemp:Display: Loaded TP LinuxNoEditorTargetPlatform
[2017.07.31-14.30.19:404][  0]LogTemp:Display: Loaded TP LinuxServerTargetPlatform
[2017.07.31-14.30.19:456][  0]LogTemp:Display: Loaded TP LinuxTargetPlatform
[2017.07.31-14.30.19:456][  0]LogTargetPlatformManager:Display: Building Assets For Windows
[2017.07.31-14.30.19:884][  0]LogDerivedDataCache:Display: Max Cache Size: 512 MB
[2017.07.31-14.30.19:951][  0]LogDerivedDataCache: Loaded boot cache 0.06s 50MB C:/Users/Just_0n/AppData/Local/UnrealEngine/4.15/DerivedDataCache/Boot.ddc.
[2017.07.31-14.30.19:951][  0]LogDerivedDataCache:Display: Loaded Boot cache: C:/Users/Just_0n/AppData/Local/UnrealEngine/4.15/DerivedDataCache/Boot.ddc
[2017.07.31-14.30.19:951][  0]LogDerivedDataCache: FDerivedDataBackendGraph:  Pak pak cache file ../../../../../../Users/Just_0n/Documents/GitHub/CthuluhEatsAMan/CthuluEatsMan/DerivedDataCache/DDC.ddp not found, will not use a pak cache.
[2017.07.31-14.30.19:951][  0]LogDerivedDataCache: Unable to find inner node Pak for hierarchical cache Hierarchy.
[2017.07.31-14.30.19:951][  0]LogDerivedDataCache: FDerivedDataBackendGraph:  CompressedPak pak cache file ../../../../../../Users/Just_0n/Documents/GitHub/CthuluhEatsAMan/CthuluEatsMan/DerivedDataCache/Compressed.ddp not found, will not use a pak cache.
[2017.07.31-14.30.19:951][  0]LogDerivedDataCache: Unable to find inner node CompressedPak for hierarchical cache Hierarchy.
[2017.07.31-14.30.19:970][  0]LogDerivedDataCache:Display: Pak cache opened for reading ../../../Engine/DerivedDataCache/Compressed.ddp.
[2017.07.31-14.30.19:982][  0]LogDerivedDataCache: Using Local data cache path C:/Users/Just_0n/AppData/Local/UnrealEngine/Common/DerivedDataCache: Writable
[2017.07.31-14.30.19:993][  0]LogSlate: Using Freetype 2.6.0
[2017.07.31-14.30.19:994][  0]LogSlate: SlateFontCache - WITH_FREETYPE: 1, WITH_HARFBUZZ: 1
[2017.07.31-14.30.19:994][  0]LogSlate: SlateFontCache - WITH_FREETYPE: 1, WITH_HARFBUZZ: 1
[2017.07.31-14.30.20:336][  0]LogInit: Selected Device Profile: [Windows]
[2017.07.31-14.30.20:339][  0]LogContentStreaming: Texture pool size is 0.00 MB
[2017.07.31-14.30.20:558][  0]LogMeshUtilities: Using QuadricMeshReduction for automatic static mesh reduction
[2017.07.31-14.30.20:600][  0]LogSimplygon: Simplygon DLL not present - disabling.
[2017.07.31-14.30.20:641][  0]LogMeshUtilities: Using SimplygonSwarm for distributed automatic mesh merging
[2017.07.31-14.30.20:641][  0]LogMeshUtilities: No automatic skeletal mesh reduction module available
[2017.07.31-14.30.20:641][  0]LogMeshUtilities: No automatic mesh merging module available
[2017.07.31-14.30.21:254][  0]LogNetVersion: GetLocalNetworkVersion: CL: 3299760, ProjectName: cthulueatsman, ProjectVersion: , EngineNetworkVersion: 2, GameNetworkVersion: 0, NetworkChecksum: 1289200090
[2017.07.31-14.30.21:300][  0]LogAssetRegistry: FAssetRegistry took 0.0222 seconds to start up
[2017.07.31-14.30.21:362][  0]LogPackageLocalizationCache: Processed 3 localized package path(s) for 2 prioritized culture(s) in 0.032683 seconds
[2017.07.31-14.30.21:369][  0]LogUObjectArray: 32493 objects as part of root set at end of initial load.
[2017.07.31-14.30.21:369][  0]LogUObjectAllocator: 7077024 out of 0 bytes used by permanent object pool.
[2017.07.31-14.30.21:369][  0]LogUObjectArray: CloseDisregardForGC: 0/0 objects in disregard for GC pool
[2017.07.31-14.30.21:450][  0]LogInit: WinSock: version 1.1 (2.2), MaxSocks=32767, MaxUdp=65467
[2017.07.31-14.30.23:003][  0]LogTcpMessaging: Initializing TcpMessaging bridge
[2017.07.31-14.30.23:054][  0]LogUdpMessaging: Initializing bridge on interface 0.0.0.0:0 to multicast group 230.0.0.1:6666.
[2017.07.31-14.30.23:509][  0]LogMaterial: Uniform references updated for custom material expression Custom.
[2017.07.31-14.30.23:864][  0]SourceControl: Info Source control is disabled
[2017.07.31-14.30.23:866][  0]SourceControl: Info Source control is disabled
[2017.07.31-14.30.23:913][  0]SourceControl: Info Source control is disabled
[2017.07.31-14.30.23:954][  0]SourceControl: Info Source control is disabled
[2017.07.31-14.30.25:175][  0]LogEngine: Initializing Engine...
[2017.07.31-14.30.25:176][  0]LogHMD: Failed to initialize OpenVR with code 100
[2017.07.31-14.30.25:296][  0]LogStats: UGameplayTagsManager::ConstructGameplayTagTree: Construct from data asset -  0.000 s
[2017.07.31-14.30.25:296][  0]LogStats: UGameplayTagsManager::ConstructGameplayTagTree: GameplayTagTreeChangedEvent.Broadcast -  0.000 s
[2017.07.31-14.30.25:409][  0]LogAIModule: Creating AISystem for world Untitled
[2017.07.31-14.30.25:425][  0]LogInit: XAudio2 using 'Headset Earphone (Corsair VOID Wireless Gaming Dongle)' : 8 channels at 48 kHz using 16 bits per sample (channel mask 0x63f)
[2017.07.31-14.30.25:436][  0]LogInit: FAudioDevice initialized.
[2017.07.31-14.30.25:461][  0]LogDerivedDataCache: Saved boot cache 0.02s 50MB C:/Users/Just_0n/AppData/Local/UnrealEngine/4.15/DerivedDataCache/Boot.ddc.
[2017.07.31-14.30.25:471][  0]LogInit: Texture streaming: Enabled
[2017.07.31-14.30.25:567][  0]LogEngineSessionManager: EngineSessionManager initialized
[2017.07.31-14.30.25:644][  0]LogInit: Transaction tracking system initialized
[2017.07.31-14.30.25:977][  0]BlueprintLog: New page: Editor Load
[2017.07.31-14.30.26:758][  0]LocalizationService: Info Localization service is disabled
[2017.07.31-14.30.27:365][  0]LogConsoleResponse:Display: 
[2017.07.31-14.30.27:504][  0]LogCook:Display: Max memory allowance for cook 16384mb min free memory 0mb
[2017.07.31-14.30.27:504][  0]LogCook:Display: Mobile HDR setting 1
[2017.07.31-14.30.28:427][  0]LogFileCache: Scanning file cache for directory 'E:/Users/Just_0n/Documents/GitHub/CthuluhEatsAMan/CthuluEatsMan/Content/' took 0.02s
[2017.07.31-14.30.28:480][  0]SourceControl: Info Source control is disabled
[2017.07.31-14.30.28:480][  0]Cmd: MAP LOAD FILE="../../../../../../Users/Just_0n/Documents/GitHub/CthuluhEatsAMan/CthuluEatsMan/Content/StarterContent/Maps/StarterMap.umap" TEMPLATE=0 SHOWPROGRESS=1 FEATURELEVEL=3
[2017.07.31-14.30.28:481][  0]LightingResults: New page: Lighting Build
[2017.07.31-14.30.28:516][  0]MapCheck: New page: Map Check
[2017.07.31-14.30.28:516][  0]LightingResults: New page: Lighting Build
[2017.07.31-14.30.34:457][  0]LogAIModule: Creating AISystem for world StarterMap
[2017.07.31-14.30.34:608][  0]LogEditorServer: Finished looking for orphan Actors (0.000 secs)
[2017.07.31-14.30.34:609][  0]Cmd: MAP CHECKDEP NOCLEARLOG
[2017.07.31-14.30.34:676][  0]MapCheck: Info Map check complete: 0 Error(s), 0 Warning(s), took 67.801ms to complete.
[2017.07.31-14.30.34:676][  0]LogFileHelpers: Loading map 'StarterMap' took 6.196
[2017.07.31-14.30.34:905][  0]LogCollectionManager: Loaded 0 collections in 0.001405 seconds
[2017.07.31-14.30.34:987][  0]LogFileCache: Scanning file cache for directory 'E:/Users/Just_0n/Documents/GitHub/CthuluhEatsAMan/CthuluEatsMan/Saved/Collections/' took 0.01s
[2017.07.31-14.30.34:987][  0]LogFileCache: Scanning file cache for directory 'E:/Users/Just_0n/Documents/GitHub/CthuluhEatsAMan/CthuluEatsMan/Content/Developers/Just0n/Collections/' took 0.01s
[2017.07.31-14.30.34:987][  0]LogFileCache: Scanning file cache for directory 'E:/Users/Just_0n/Documents/GitHub/CthuluhEatsAMan/CthuluEatsMan/Content/Collections/' took 0.01s
[2017.07.31-14.30.34:987][  0]LogCollectionManager: Rebuilt the GUID cache for 0 collections in 0.000002 seconds
[2017.07.31-14.30.34:997][  0]LogContentBrowser: Native class hierarchy populated in 0.0096 seconds. Added 2245 classes and 453 folders.
[2017.07.31-14.30.35:067][  0]LogContentBrowser: Native class hierarchy updated for 'WidgetCarousel' in 0.0008 seconds. Added 0 classes and 0 folders.
[2017.07.31-14.30.35:113][  0]LogContentBrowser: Native class hierarchy updated for 'AddContentDialog' in 0.0005 seconds. Added 0 classes and 0 folders.
[2017.07.31-14.30.35:153][  0]LogContentBrowser: Native class hierarchy updated for 'SceneOutliner' in 0.0005 seconds. Added 1 classes and 2 folders.
[2017.07.31-14.30.35:201][  0]LogCrashTracker: Crashtracker disabled due to settings.
[2017.07.31-14.30.35:208][  0]LogUObjectGlobals:Warning: Failed to find object 'Class None.'
[2017.07.31-14.30.35:281][  0]LogContentBrowser: Native class hierarchy updated for 'HierarchicalLODOutliner' in 0.0008 seconds. Added 1 classes and 2 folders.
[2017.07.31-14.30.35:281][  0]LogLoad: (Engine Initialization) Total time: 22.27 seconds
[2017.07.31-14.30.35:281][  0]LogLoad: (Engine Initialization) Total Blueprint compile time: 0.13 seconds
[2017.07.31-14.30.35:281][  0]LogExternalProfiler: Found external profiler: VSPerf
[2017.07.31-14.30.35:281][  0]LogExternalProfiler: Using external profiler: VSPerf
[2017.07.31-14.30.35:292][  0]LogWindowsTextInputMethodSystem:Display: IME system now deactivated.
[2017.07.31-14.30.35:293][  0]LogOcInput: OculusInput pre-init called
[2017.07.31-14.30.35:314][  0]LogContentStreaming: Texture pool size now 1000 MB
[2017.07.31-14.30.35:321][  0]LogSlate: Took 0.000216 seconds to synchronously load lazily loaded font '../../../Engine/Content/Slate/Fonts/Roboto-Regular.ttf' (155K)
[2017.07.31-14.30.35:325][  0]LogSlate: Took 0.000233 seconds to synchronously load lazily loaded font '../../../Engine/Content/Slate/Fonts/Roboto-Bold.ttf' (160K)
[2017.07.31-14.30.35:331][  0]LogSlate: Took 0.000231 seconds to synchronously load lazily loaded font '../../../Engine/Content/Editor/Slate/Fonts/FontAwesome.ttf' (139K)
[2017.07.31-14.30.35:537][  0]LogRenderer: Reallocating scene render targets to support 1168x600 NumSamples 1 (Frame:2).
[2017.07.31-14.30.35:757][  1]LogAssetRegistry: Asset discovery search completed in 14.4796 seconds
[2017.07.31-14.30.35:757][  1]LogCollectionManager: Rebuilt the object cache for 0 collections in 0.000007 seconds (found 0 objects)
[2017.07.31-14.30.35:757][  1]LogCollectionManager: Fixed up redirectors for 0 collections in 0.000026 seconds (updated 0 objects)
[2017.07.31-14.30.36:376][ 27]LogSlate: Took 0.000237 seconds to synchronously load lazily loaded font '../../../Engine/Content/Slate/Fonts/Roboto-Light.ttf' (159K)
[2017.07.31-14.30.39:488][330]LogSlate: Took 0.000193 seconds to synchronously load lazily loaded font '../../../Engine/Content/Slate/Fonts/Roboto-Light.ttf' (159K)
[2017.07.31-14.30.42:398][632]LogSlate: Took 0.000220 seconds to synchronously load lazily loaded font '../../../Engine/Content/Slate/Fonts/Roboto-Light.ttf' (159K)
[2017.07.31-14.30.43:010][632]LogContentBrowser: Native class hierarchy updated for 'BlueprintGraph' in 0.0009 seconds. Added 112 classes and 0 folders.
[2017.07.31-14.30.44:224][632]LogProperty:Error: UStructProperty::Serialize Loading: Property 'StructProperty /Game/Inventory_System/Widgets/DragItem.DragItem_C:ItemInfo'. Unknown structure.
[2017.07.31-14.30.44:224][632]LogClass:Warning: Property ItemInfo of ItemInfo has a struct type mismatch (tag STRUCT_REINST_S_ItemInfo_0 != prop FallbackStruct) in package:  ../../../../../../Users/Just_0n/Documents/GitHub/CthuluhEatsAMan/CthuluEatsMan/Content/Inventory_System/Widgets/DragItem.uasset. If that struct got renamed, add an entry to ActiveStructRedirects.
[2017.07.31-14.30.44:236][632]LogClass:Warning: Property ItemInfo of ItemInfo has a struct type mismatch (tag FallbackStruct != prop S_ItemInfo) in package:  FObjectReader. If that struct got renamed, add an entry to ActiveStructRedirects.
[2017.07.31-14.30.44:246][632]LogProperty:Error: UStructProperty::Serialize Loading: Property 'StructProperty /Game/Inventory_System/Widgets/ActionMenu.ActionMenu_C:Update.CallFunc_GetItemInfoAddIndex_ItemInfo'. Unknown structure.
[2017.07.31-14.30.44:247][632]LogProperty:Error: UStructProperty::Serialize Loading: Property 'StructProperty /Game/Inventory_System/Widgets/ActionMenu.ActionMenu_C:ItemInfo'. Unknown structure.
[2017.07.31-14.30.44:307][632]LogClass:Warning: Property ItemInfo of ItemInfo has a struct type mismatch (tag STRUCT_REINST_S_ItemInfo_0 != prop FallbackStruct) in package:  ../../../../../../Users/Just_0n/Documents/GitHub/CthuluhEatsAMan/CthuluEatsMan/Content/Inventory_System/Widgets/ActionMenu.uasset. If that struct got renamed, add an entry to ActiveStructRedirects.
[2017.07.31-14.30.44:323][632]LogClass:Warning: Property ItemInfo of ItemInfo has a struct type mismatch (tag FallbackStruct != prop S_ItemInfo) in package:  FObjectReader. If that struct got renamed, add an entry to ActiveStructRedirects.
[2017.07.31-14.30.44:562][632]LogBlueprint:Error: [Compiler BP_inventory] Error Spawn node  SpawnActor NONE  must have a  Class  specified.
[2017.07.31-14.30.44:653][632]LogBlueprint:Warning: [Compiler BP_inventory] Warning [0031.64] Compile of BP_inventory failed. 1 Fatal Issue(s) 0 Warning(s) [in 114 ms] (/Game/Inventory_System/Blueprints/BP_inventory.BP_inventory)
[2017.07.31-14.30.44:657][632]LogBlueprint:Warning: [Compiler BP_inventory] Warning [0031.65] Compile of BP_inventory failed. 1 Fatal Issue(s) 1 Warning(s) [in 3 ms] (/Game/Inventory_System/Blueprints/BP_inventory.BP_inventory)
[2017.07.31-14.30.44:657][632]LogBlueprint:Warning: [Compiler BP_inventory] Warning [0031.65] Compile of BP_inventory failed. 1 Fatal Issue(s) 2 Warning(s) [in 0 ms] (/Game/Inventory_System/Blueprints/BP_inventory.BP_inventory)
[2017.07.31-14.30.44:840][632]LogBlueprint:Error: [Compiler BP_inventory] Error Spawn node  SpawnActor NONE  must have a  Class  specified.
[2017.07.31-14.30.44:907][632]LogBlueprint:Warning: [Compiler BP_inventory] Warning [0031.90] Compile of BP_inventory failed. 1 Fatal Issue(s) 0 Warning(s) [in 91 ms] (/Game/Inventory_System/Blueprints/BP_inventory.BP_inventory)
[2017.07.31-14.30.44:907][632]LogBlueprint:Warning: [Compiler BP_inventory] Warning [0031.90] Compile of BP_inventory failed. 1 Fatal Issue(s) 1 Warning(s) [in 0 ms] (/Game/Inventory_System/Blueprints/BP_inventory.BP_inventory)
[2017.07.31-14.30.44:912][632]LogBlueprint:Warning: [Compiler BP_inventory] Warning [0031.90] Compile of BP_inventory failed. 1 Fatal Issue(s) 2 Warning(s) [in 4 ms] (/Game/Inventory_System/Blueprints/BP_inventory.BP_inventory)
[2017.07.31-14.30.46:687][632]LogSlate: Took 0.000222 seconds to synchronously load lazily loaded font '../../../Engine/Content/Editor/Slate/Fonts/Roboto-BoldCondensed.ttf' (158K)
[2017.07.31-14.30.46:845][633]LogSlate: Took 0.000247 seconds to synchronously load lazily loaded font '../../../Engine/Content/Editor/Slate/Fonts/Roboto-Italic.ttf' (157K)
[2017.07.31-14.30.54:234][ 60]LogBlueprint:Error: [Compiler PersistentLevel.ThirdPersonExampleMap] Error Spawn node  Create Widget  must have a class specified.
[2017.07.31-14.30.54:235][ 60]LogBlueprint:Warning: [Compiler PersistentLevel.ThirdPersonExampleMap] Warning [0041.23] Compile of PersistentLevel.ThirdPersonExampleMap failed. 1 Fatal Issue(s) 0 Warning(s) [in 2 ms] (/Game/ThirdPersonBP/Maps/ThirdPersonExampleMap.ThirdPersonExampleMap:PersistentLevel.ThirdPersonExampleMap)
[2017.07.31-14.30.54:235][ 60]LogBlueprint:Warning: [Compiler PersistentLevel.ThirdPersonExampleMap] Warning [0041.23] Compile of PersistentLevel.ThirdPersonExampleMap failed. 1 Fatal Issue(s) 1 Warning(s) [in 0 ms] (/Game/ThirdPersonBP/Maps/ThirdPersonExampleMap.ThirdPersonExampleMap:PersistentLevel.ThirdPersonExampleMap)
[2017.07.31-14.30.54:235][ 60]LogBlueprint:Warning: [Compiler PersistentLevel.ThirdPersonExampleMap] Warning [0041.23] Compile of PersistentLevel.ThirdPersonExampleMap failed. 1 Fatal Issue(s) 2 Warning(s) [in 0 ms] (/Game/ThirdPersonBP/Maps/ThirdPersonExampleMap.ThirdPersonExampleMap:PersistentLevel.ThirdPersonExampleMap)
[2017.07.31-14.30.54:330][ 60]LogAIModule: Creating AISystem for world ThirdPersonExampleMap
[2017.07.31-14.30.54:406][ 60]Cmd: MAP LOAD FILE="../../../../../../Users/Just_0n/Documents/GitHub/CthuluhEatsAMan/CthuluEatsMan/Content/ThirdPersonBP/Maps/ThirdPersonExampleMap.umap" TEMPLATE=0 SHOWPROGRESS=1 FEATURELEVEL=3
[2017.07.31-14.30.54:406][ 60]LightingResults: New page: Lighting Build
[2017.07.31-14.30.54:407][ 60]LoadErrors: New page: Loading map: ThirdPersonExampleMap.umap
[2017.07.31-14.30.54:410][ 60]MapCheck: New page: Map Check
[2017.07.31-14.30.54:410][ 60]LightingResults: New page: Lighting Build
[2017.07.31-14.30.54:440][ 60]LogEditorServer: Finished looking for orphan Actors (0.000 secs)
[2017.07.31-14.30.54:468][ 60]Cmd: MAP CHECKDEP NOCLEARLOG
[2017.07.31-14.30.54:546][ 60]MapCheck: Info Map check complete: 0 Error(s), 0 Warning(s), took 78.463ms to complete.
[2017.07.31-14.30.54:546][ 60]LogFileHelpers: Loading map 'ThirdPersonExampleMap' took 0.142
[2017.07.31-14.30.55:671][121]LogEditorViewport: Clicking on Actor (LMB): StaticMeshActor (Ramp_StaticMesh)
[2017.07.31-14.31.04:618][781]LogSlate: Only BGRA pngs, bmps or icos are supported in by External Image Picker
[2017.07.31-14.31.04:694][782]LogTemp:Display: Executing iPhonePackager certificates Engine -bundlename com.YourCompany.CthuluEatsMan

[2017.07.31-14.31.04:694][782]LogTemp:Display: CWD: E:\Program Files\Epic Games\UE_4.15\Engine\Binaries\DotNET\IOS

[2017.07.31-14.31.04:694][782]LogTemp:Display: Initial Dir: E:\Program Files\Epic Games\UE_4.15

[2017.07.31-14.31.04:694][782]LogTemp:Display: Env CWD: E:\Program Files\Epic Games\UE_4.15\Engine\Binaries\DotNET\IOS

[2017.07.31-14.31.04:694][782]LogTemp:Display: BranchPath = DESKTOP-RVOAIQO/E/Program Files/Epic Games/UE_4.15/Engine/Binaries --- GameBranchPath = DESKTOP-RVOAIQO/E/Program Files/Epic Games/UE_4.15/Engine/Binaries

[2017.07.31-14.31.04:720][783]LogTemp:Display: IPP ERROR: Application exception: System.IO.DirectoryNotFoundException: Could not find a part of the path 'C:\Users\Just_0n\AppData\Local\Apple Computer\MobileDevice\Provisioning Profiles'.

[2017.07.31-14.31.04:720][783]LogTemp:Display:    at System.IO.__Error.WinIOError(Int32 errorCode, String maybeFullPath)

[2017.07.31-14.31.04:720][783]LogTemp:Display:    at System.IO.FileSystemEnumerableIterator`1.CommonInit()

[2017.07.31-14.31.04:720][783]LogTemp:Display:    at System.IO.Directory.EnumerateFiles(String path, String searchPattern)

[2017.07.31-14.31.04:720][783]LogTemp:Display:    at iPhonePackager.CodeSignatureBuilder.FindProvisions(String CFBundleIdentifier)

[2017.07.31-14.31.04:720][783]LogTemp:Display:    at iPhonePackager.Program.Main(String[] args)

[2017.07.31-14.31.28:665][801]LogEditorViewport: Clicking on Actor (LMB): SpawnTrap_C (SpawnTrap4)
[2017.07.31-14.32.15:555][324]Cmd: DELETE
[2017.07.31-14.32.15:555][324]Cmd: ACTOR DELETE
[2017.07.31-14.32.15:555][324]LogEditorActor: Deleted Actor: NavModifierVolume
[2017.07.31-14.32.15:591][324]LogEditorActor: Deleted 1 Actors (0.036 secs)
[2017.07.31-14.32.16:774][457]LogEditorViewport: Clicking on Actor (LMB): NavMeshBoundsVolume (NavMeshBoundsVolume2)
[2017.07.31-14.32.26:352][398]LogEditorViewport: Clicking on Actor (LMB): StaticMeshActor (Floor)
[2017.07.31-14.32.27:107][468]LogEditorViewport: Clicking on Actor (LMB): StaticMeshActor (Floor)
[2017.07.31-14.32.28:257][584]LogEditorViewport: Clicking on Actor (LMB): NavMeshBoundsVolume (NavMeshBoundsVolume2)
[2017.07.31-14.33.14:709][721]LogEnum:Warning: Enum name collision: 'BigAIState::NewEnumerator0' is in both '/Game/ThirdPersonBP/Blueprints/BigAIState.BigAIState' and '/Game/ThirdPersonBP/Blueprints/BigAi/BigAIState.BigAIState'
[2017.07.31-14.33.14:709][721]LogEnum:Warning: Enum name collision: 'BigAIState::NewEnumerator1' is in both '/Game/ThirdPersonBP/Blueprints/BigAIState.BigAIState' and '/Game/ThirdPersonBP/Blueprints/BigAi/BigAIState.BigAIState'
[2017.07.31-14.33.14:709][721]LogEnum:Warning: Enum name collision: 'BigAIState::NewEnumerator2' is in both '/Game/ThirdPersonBP/Blueprints/BigAIState.BigAIState' and '/Game/ThirdPersonBP/Blueprints/BigAi/BigAIState.BigAIState'
[2017.07.31-14.33.14:709][721]LogEnum:Warning: Enum name collision: 'BigAIState::BigAIState_MAX' is in both '/Game/ThirdPersonBP/Blueprints/BigAIState.BigAIState' and '/Game/ThirdPersonBP/Blueprints/BigAi/BigAIState.BigAIState'
[2017.07.31-14.33.14:710][721]LogEnum:Warning: Enum name collision: 'BigAIState::NewEnumerator0' is in both '/Game/ThirdPersonBP/Blueprints/BigAIState.BigAIState' and '/Game/ThirdPersonBP/Blueprints/BigAi/BigAIState.BigAIState'
[2017.07.31-14.33.14:710][721]LogEnum:Warning: Enum name collision: 'BigAIState::NewEnumerator1' is in both '/Game/ThirdPersonBP/Blueprints/BigAIState.BigAIState' and '/Game/ThirdPersonBP/Blueprints/BigAi/BigAIState.BigAIState'
[2017.07.31-14.33.14:710][721]LogEnum:Warning: Enum name collision: 'BigAIState::NewEnumerator2' is in both '/Game/ThirdPersonBP/Blueprints/BigAIState.BigAIState' and '/Game/ThirdPersonBP/Blueprints/BigAi/BigAIState.BigAIState'
[2017.07.31-14.33.14:710][721]LogEnum:Warning: Enum name collision: 'BigAIState::NewEnumerator0' is in both '/Game/ThirdPersonBP/Blueprints/BigAIState.BigAIState' and '/Game/ThirdPersonBP/Blueprints/BigAi/BigAIState.BigAIState'
[2017.07.31-14.33.14:710][721]LogEnum:Warning: Enum name collision: 'BigAIState::NewEnumerator1' is in both '/Game/ThirdPersonBP/Blueprints/BigAIState.BigAIState' and '/Game/ThirdPersonBP/Blueprints/BigAi/BigAIState.BigAIState'
[2017.07.31-14.33.14:710][721]LogEnum:Warning: Enum name collision: 'BigAIState::NewEnumerator2' is in both '/Game/ThirdPersonBP/Blueprints/BigAIState.BigAIState' and '/Game/ThirdPersonBP/Blueprints/BigAi/BigAIState.BigAIState'
[2017.07.31-14.33.17:192][858]Cmd: TRANSACTION UNDO
[2017.07.31-14.33.17:192][858]LogEditorTransaction: Undo Scale Actors
[2017.07.31-14.33.49:510][354]LogEnum:Warning: Enum name collision: 'BigAIState::NewEnumerator0' is in both '/Game/ThirdPersonBP/Blueprints/ZONEAI/BigAIState.BigAIState' and '/Game/ThirdPersonBP/Blueprints/BigAi/BigAIState.BigAIState'
[2017.07.31-14.33.49:510][354]LogEnum:Warning: Enum name collision: 'BigAIState::NewEnumerator1' is in both '/Game/ThirdPersonBP/Blueprints/ZONEAI/BigAIState.BigAIState' and '/Game/ThirdPersonBP/Blueprints/BigAi/BigAIState.BigAIState'
[2017.07.31-14.33.49:510][354]LogEnum:Warning: Enum name collision: 'BigAIState::NewEnumerator2' is in both '/Game/ThirdPersonBP/Blueprints/ZONEAI/BigAIState.BigAIState' and '/Game/ThirdPersonBP/Blueprints/BigAi/BigAIState.BigAIState'
[2017.07.31-14.33.49:510][354]LogEnum:Warning: Enum name collision: 'BigAIState::BigAIState_MAX' is in both '/Game/ThirdPersonBP/Blueprints/ZONEAI/BigAIState.BigAIState' and '/Game/ThirdPersonBP/Blueprints/BigAi/BigAIState.BigAIState'
[2017.07.31-14.33.49:510][354]LogEnum:Warning: Enum name collision: 'BigAIState::NewEnumerator0' is in both '/Game/ThirdPersonBP/Blueprints/ZONEAI/BigAIState.BigAIState' and '/Game/ThirdPersonBP/Blueprints/BigAi/BigAIState.BigAIState'
[2017.07.31-14.33.49:510][354]LogEnum:Warning: Enum name collision: 'BigAIState::NewEnumerator1' is in both '/Game/ThirdPersonBP/Blueprints/ZONEAI/BigAIState.BigAIState' and '/Game/ThirdPersonBP/Blueprints/BigAi/BigAIState.BigAIState'
[2017.07.31-14.33.49:510][354]LogEnum:Warning: Enum name collision: 'BigAIState::NewEnumerator2' is in both '/Game/ThirdPersonBP/Blueprints/ZONEAI/BigAIState.BigAIState' and '/Game/ThirdPersonBP/Blueprints/BigAi/BigAIState.BigAIState'
[2017.07.31-14.33.49:510][354]LogEnum:Warning: Enum name collision: 'BigAIState::NewEnumerator0' is in both '/Game/ThirdPersonBP/Blueprints/ZONEAI/BigAIState.BigAIState' and '/Game/ThirdPersonBP/Blueprints/BigAi/BigAIState.BigAIState'
[2017.07.31-14.33.49:510][354]LogEnum:Warning: Enum name collision: 'BigAIState::NewEnumerator1' is in both '/Game/ThirdPersonBP/Blueprints/ZONEAI/BigAIState.BigAIState' and '/Game/ThirdPersonBP/Blueprints/BigAi/BigAIState.BigAIState'
[2017.07.31-14.33.49:510][354]LogEnum:Warning: Enum name collision: 'BigAIState::NewEnumerator2' is in both '/Game/ThirdPersonBP/Blueprints/ZONEAI/BigAIState.BigAIState' and '/Game/ThirdPersonBP/Blueprints/BigAi/BigAIState.BigAIState'
[2017.07.31-14.34.03:544][539]LogMetaData: Removing '/Game/ThirdPersonBP/Blueprints/ZONEAI/Zone.SKEL_Zone_C' ref from Metadata '/Game/ThirdPersonBP/Blueprints/ZONEAI/BIGAI.PackageMetaData'
[2017.07.31-14.34.03:545][539]LogMetaData: Removing '/Game/ThirdPersonBP/Blueprints/ZONEAI/Zone.Zone_C' ref from Metadata '/Game/ThirdPersonBP/Blueprints/ZONEAI/BIGAI.PackageMetaData'
[2017.07.31-14.34.03:548][539]LogEnum:Warning: Enum name collision: 'BigAIState::NewEnumerator0' is in both '/Game/ThirdPersonBP/Blueprints/ZONEAI/BigAIState.BigAIState' and '/Game/ThirdPersonBP/Blueprints/BigAi/BigAIState.BigAIState'
[2017.07.31-14.34.03:548][539]LogEnum:Warning: Enum name collision: 'BigAIState::NewEnumerator1' is in both '/Game/ThirdPersonBP/Blueprints/ZONEAI/BigAIState.BigAIState' and '/Game/ThirdPersonBP/Blueprints/BigAi/BigAIState.BigAIState'
[2017.07.31-14.34.03:548][539]LogEnum:Warning: Enum name collision: 'BigAIState::NewEnumerator2' is in both '/Game/ThirdPersonBP/Blueprints/ZONEAI/BigAIState.BigAIState' and '/Game/ThirdPersonBP/Blueprints/BigAi/BigAIState.BigAIState'
[2017.07.31-14.34.03:645][539]LogSavePackage: Save=51.08ms
[2017.07.31-14.34.03:645][539]LogSavePackage: Moving '../../../../../../Users/Just_0n/Documents/GitHub/CthuluhEatsAMan/CthuluEatsMan/Saved/ZoneE7891AC4411FD243B88ADD97BCE03A53.tmp' to '../../../../../../Users/Just_0n/Documents/GitHub/CthuluhEatsAMan/CthuluEatsMan/Content/ThirdPersonBP/Blueprints/ZONEAI/Zone.uasset'
[2017.07.31-14.34.03:647][539]LogSavePackage:Display: Finished SavePackage ../../../../../../Users/Just_0n/Documents/GitHub/CthuluhEatsAMan/CthuluEatsMan/Content/ThirdPersonBP/Blueprints/ZONEAI/Zone.uasset
[2017.07.31-14.34.12:092][296]LogMetaData: Removing '/Game/ThirdPersonBP/Blueprints/ZONEAI/ZoneAi.ZoneAi_C' ref from Metadata '/Game/ThirdPersonBP/Blueprints/ZONEAI/Zone.PackageMetaData'
[2017.07.31-14.34.12:092][296]LogMetaData: Removing '/Game/ThirdPersonBP/Blueprints/ZONEAI/ZoneAi.SKEL_ZoneAi_C' ref from Metadata '/Game/ThirdPersonBP/Blueprints/ZONEAI/Zone.PackageMetaData'
[2017.07.31-14.34.12:096][296]LogEnum:Warning: Enum name collision: 'BigAIState::NewEnumerator0' is in both '/Game/ThirdPersonBP/Blueprints/ZONEAI/BigAIState.BigAIState' and '/Game/ThirdPersonBP/Blueprints/BigAi/BigAIState.BigAIState'
[2017.07.31-14.34.12:096][296]LogEnum:Warning: Enum name collision: 'BigAIState::NewEnumerator1' is in both '/Game/ThirdPersonBP/Blueprints/ZONEAI/BigAIState.BigAIState' and '/Game/ThirdPersonBP/Blueprints/BigAi/BigAIState.BigAIState'
[2017.07.31-14.34.12:096][296]LogEnum:Warning: Enum name collision: 'BigAIState::NewEnumerator2' is in both '/Game/ThirdPersonBP/Blueprints/ZONEAI/BigAIState.BigAIState' and '/Game/ThirdPersonBP/Blueprints/BigAi/BigAIState.BigAIState'
[2017.07.31-14.34.12:185][296]LogSavePackage: Save=51.71ms
[2017.07.31-14.34.12:185][296]LogSavePackage: Moving '../../../../../../Users/Just_0n/Documents/GitHub/CthuluhEatsAMan/CthuluEatsMan/Saved/ZoneAi316DAF1A47AD202D2C00C9B4E6F87EE8.tmp' to '../../../../../../Users/Just_0n/Documents/GitHub/CthuluhEatsAMan/CthuluEatsMan/Content/ThirdPersonBP/Blueprints/ZONEAI/ZoneAi.uasset'
[2017.07.31-14.34.12:187][296]LogSavePackage:Display: Finished SavePackage ../../../../../../Users/Just_0n/Documents/GitHub/CthuluhEatsAMan/CthuluEatsMan/Content/ThirdPersonBP/Blueprints/ZONEAI/ZoneAi.uasset
[2017.07.31-14.35.00:423][199]LogRenderer: Reallocating scene render targets to support 1168x744 NumSamples 1 (Frame:21746).
[2017.07.31-14.36.03:150][637]BlueprintLog: New page: Compile ZoneAi
[2017.07.31-14.39.06:487][817]LogSlate:Warning: Prevented a slow task dialog from being summoned while a context menu was open
[2017.07.31-14.40.55:016][589]LogBlueprint:Error: [Compiler PersistentLevel.ThirdPersonExampleMap] Error Spawn node  Create Widget  must have a class specified.
[2017.07.31-14.40.55:329][589]LogBlueprint:Warning: [Compiler PersistentLevel.ThirdPersonExampleMap] Warning [0642.32] Compile of PersistentLevel.ThirdPersonExampleMap failed. 1 Fatal Issue(s) 0 Warning(s) [in 314 ms] (/Game/ThirdPersonBP/Maps/ThirdPersonExampleMap.ThirdPersonExampleMap:PersistentLevel.ThirdPersonExampleMap)
[2017.07.31-14.40.55:329][589]LogBlueprint:Warning: [Compiler PersistentLevel.ThirdPersonExampleMap] Warning [0642.32] Compile of PersistentLevel.ThirdPersonExampleMap failed. 1 Fatal Issue(s) 1 Warning(s) [in 0 ms] (/Game/ThirdPersonBP/Maps/ThirdPersonExampleMap.ThirdPersonExampleMap:PersistentLevel.ThirdPersonExampleMap)
[2017.07.31-14.40.55:329][589]LogBlueprint:Warning: [Compiler PersistentLevel.ThirdPersonExampleMap] Warning [0642.32] Compile of PersistentLevel.ThirdPersonExampleMap failed. 1 Fatal Issue(s) 2 Warning(s) [in 0 ms] (/Game/ThirdPersonBP/Maps/ThirdPersonExampleMap.ThirdPersonExampleMap:PersistentLevel.ThirdPersonExampleMap)
[2017.07.31-14.40.55:329][589]LogBlueprint:Warning: [Compiler PersistentLevel.ThirdPersonExampleMap] Warning [0642.32] Compile of PersistentLevel.ThirdPersonExampleMap failed. 1 Fatal Issue(s) 3 Warning(s) [in 0 ms] (/Game/ThirdPersonBP/Maps/ThirdPersonExampleMap.ThirdPersonExampleMap:PersistentLevel.ThirdPersonExampleMap)
[2017.07.31-14.40.55:330][589]LogBlueprint:Warning: [Compiler PersistentLevel.ThirdPersonExampleMap] Warning [0642.32] Compile of PersistentLevel.ThirdPersonExampleMap failed. 1 Fatal Issue(s) 4 Warning(s) [in 0 ms] (/Game/ThirdPersonBP/Maps/ThirdPersonExampleMap.ThirdPersonExampleMap:PersistentLevel.ThirdPersonExampleMap)
[2017.07.31-14.40.55:330][589]LogBlueprint:Warning: [Compiler PersistentLevel.ThirdPersonExampleMap] Warning [0642.32] Compile of PersistentLevel.ThirdPersonExampleMap failed. 1 Fatal Issue(s) 5 Warning(s) [in 0 ms] (/Game/ThirdPersonBP/Maps/ThirdPersonExampleMap.ThirdPersonExampleMap:PersistentLevel.ThirdPersonExampleMap)
[2017.07.31-14.40.55:414][589]LogSavePackage: Save=401.68ms
[2017.07.31-14.40.55:414][589]LogSavePackage: Moving '../../../../../../Users/Just_0n/Documents/GitHub/CthuluhEatsAMan/CthuluEatsMan/Saved/ThirdPersonExampleMap_Auto179AFDC86487C17B83E05EAAF127C39F1.tmp' to '../../../../../../Users/Just_0n/Documents/GitHub/CthuluhEatsAMan/CthuluEatsMan/Saved/Autosaves/Game/ThirdPersonBP/Maps/ThirdPersonExampleMap_Auto1.umap'
[2017.07.31-14.40.55:415][589]LogSavePackage:Display: Finished SavePackage ../../../../../../Users/Just_0n/Documents/GitHub/CthuluhEatsAMan/CthuluEatsMan/Saved/Autosaves/Game/ThirdPersonBP/Maps/ThirdPersonExampleMap_Auto1.umap
[2017.07.31-14.40.55:423][589]LogFileHelpers: Editor autosave (incl. sublevels) for '/Game/ThirdPersonBP/Maps/ThirdPersonExampleMap' took 0.451
[2017.07.31-14.40.55:423][589]LogFileHelpers: Editor autosave (incl. sublevels) for all levels took 0.451
[2017.07.31-14.40.55:425][589]OBJ SavePackage: Generating thumbnails for [0] asset(s) in package [/Game/ThirdPersonBP/Blueprints/ZONEAI/BigAI_Controller] ([1] browsable assets)...
[2017.07.31-14.40.55:425][589]OBJ SavePackage: Finished generating thumbnails for package [/Game/ThirdPersonBP/Blueprints/ZONEAI/BigAI_Controller]
[2017.07.31-14.40.55:650][589]LogSavePackage: Save=15.97ms
[2017.07.31-14.40.55:650][589]LogSavePackage: Moving '../../../../../../Users/Just_0n/Documents/GitHub/CthuluhEatsAMan/CthuluEatsMan/Saved/BigAI_Controller_Auto1C659E68C448FECDE5C26DCB080B0566E.tmp' to '../../../../../../Users/Just_0n/Documents/GitHub/CthuluhEatsAMan/CthuluEatsMan/Saved/Autosaves/Game/ThirdPersonBP/Blueprints/ZONEAI/BigAI_Controller_Auto1.uasset'
[2017.07.31-14.40.55:650][589]LogSavePackage:Display: Finished SavePackage ../../../../../../Users/Just_0n/Documents/GitHub/CthuluhEatsAMan/CthuluEatsMan/Saved/Autosaves/Game/ThirdPersonBP/Blueprints/ZONEAI/BigAI_Controller_Auto1.uasset
[2017.07.31-14.40.55:708][589]LogSavePackage: Save=4.13ms
[2017.07.31-14.40.55:708][589]LogSavePackage: Moving '../../../../../../Users/Just_0n/Documents/GitHub/CthuluhEatsAMan/CthuluEatsMan/Saved/BIGAI_Auto1F6E1F71D47E1EC27E98C008239F61A0E.tmp' to '../../../../../../Users/Just_0n/Documents/GitHub/CthuluhEatsAMan/CthuluEatsMan/Saved/Autosaves/Game/ThirdPersonBP/Blueprints/ZONEAI/BIGAI_Auto1.uasset'
[2017.07.31-14.40.55:709][589]LogSavePackage:Display: Finished SavePackage ../../../../../../Users/Just_0n/Documents/GitHub/CthuluhEatsAMan/CthuluEatsMan/Saved/Autosaves/Game/ThirdPersonBP/Blueprints/ZONEAI/BIGAI_Auto1.uasset
[2017.07.31-14.40.55:710][589]OBJ SavePackage: Generating thumbnails for [0] asset(s) in package [/Game/ThirdPersonBP/Blueprints/ZONEAI/BigAIState] ([1] browsable assets)...
[2017.07.31-14.40.55:710][589]OBJ SavePackage: Finished generating thumbnails for package [/Game/ThirdPersonBP/Blueprints/ZONEAI/BigAIState]
[2017.07.31-14.40.55:712][589]LogEnum:Warning: Enum name collision: 'BigAIState::NewEnumerator0' is in both '/Game/ThirdPersonBP/Blueprints/ZONEAI/BigAIState.BigAIState' and '/Game/ThirdPersonBP/Blueprints/BigAi/BigAIState.BigAIState'
[2017.07.31-14.40.55:712][589]LogEnum:Warning: Enum name collision: 'BigAIState::NewEnumerator1' is in both '/Game/ThirdPersonBP/Blueprints/ZONEAI/BigAIState.BigAIState' and '/Game/ThirdPersonBP/Blueprints/BigAi/BigAIState.BigAIState'
[2017.07.31-14.40.55:712][589]LogEnum:Warning: Enum name collision: 'BigAIState::NewEnumerator2' is in both '/Game/ThirdPersonBP/Blueprints/ZONEAI/BigAIState.BigAIState' and '/Game/ThirdPersonBP/Blueprints/BigAi/BigAIState.BigAIState'
[2017.07.31-14.40.55:712][589]LogEnum:Warning: Enum name collision: 'BigAIState::NewEnumerator0' is in both '/Game/ThirdPersonBP/Blueprints/ZONEAI/BigAIState.BigAIState' and '/Game/ThirdPersonBP/Blueprints/BigAi/BigAIState.BigAIState'
[2017.07.31-14.40.55:712][589]LogEnum:Warning: Enum name collision: 'BigAIState::NewEnumerator1' is in both '/Game/ThirdPersonBP/Blueprints/ZONEAI/BigAIState.BigAIState' and '/Game/ThirdPersonBP/Blueprints/BigAi/BigAIState.BigAIState'
[2017.07.31-14.40.55:712][589]LogEnum:Warning: Enum name collision: 'BigAIState::NewEnumerator2' is in both '/Game/ThirdPersonBP/Blueprints/ZONEAI/BigAIState.BigAIState' and '/Game/ThirdPersonBP/Blueprints/BigAi/BigAIState.BigAIState'
[2017.07.31-14.40.55:712][589]LogEnum:Warning: Enum name collision: 'BigAIState::NewEnumerator0' is in both '/Game/ThirdPersonBP/Blueprints/ZONEAI/BigAIState.BigAIState' and '/Game/ThirdPersonBP/Blueprints/BigAi/BigAIState.BigAIState'
[2017.07.31-14.40.55:712][589]LogEnum:Warning: Enum name collision: 'BigAIState::NewEnumerator1' is in both '/Game/ThirdPersonBP/Blueprints/ZONEAI/BigAIState.BigAIState' and '/Game/ThirdPersonBP/Blueprints/BigAi/BigAIState.BigAIState'
[2017.07.31-14.40.55:712][589]LogEnum:Warning: Enum name collision: 'BigAIState::NewEnumerator2' is in both '/Game/ThirdPersonBP/Blueprints/ZONEAI/BigAIState.BigAIState' and '/Game/ThirdPersonBP/Blueprints/BigAi/BigAIState.BigAIState'
[2017.07.31-14.40.55:712][589]LogEnum:Warning: Enum name collision: 'BigAIState::NewEnumerator0' is in both '/Game/ThirdPersonBP/Blueprints/ZONEAI/BigAIState.BigAIState' and '/Game/ThirdPersonBP/Blueprints/BigAi/BigAIState.BigAIState'
[2017.07.31-14.40.55:712][589]LogEnum:Warning: Enum name collision: 'BigAIState::NewEnumerator1' is in both '/Game/ThirdPersonBP/Blueprints/ZONEAI/BigAIState.BigAIState' and '/Game/ThirdPersonBP/Blueprints/BigAi/BigAIState.BigAIState'
[2017.07.31-14.40.55:712][589]LogEnum:Warning: Enum name collision: 'BigAIState::NewEnumerator2' is in both '/Game/ThirdPersonBP/Blueprints/ZONEAI/BigAIState.BigAIState' and '/Game/ThirdPersonBP/Blueprints/BigAi/BigAIState.BigAIState'
[2017.07.31-14.40.55:713][589]LogEnum:Warning: Enum name collision: 'BigAIState::NewEnumerator0' is in both '/Game/ThirdPersonBP/Blueprints/ZONEAI/BigAIState.BigAIState' and '/Game/ThirdPersonBP/Blueprints/BigAi/BigAIState.BigAIState'
[2017.07.31-14.40.55:713][589]LogEnum:Warning: Enum name collision: 'BigAIState::NewEnumerator1' is in both '/Game/ThirdPersonBP/Blueprints/ZONEAI/BigAIState.BigAIState' and '/Game/ThirdPersonBP/Blueprints/BigAi/BigAIState.BigAIState'
[2017.07.31-14.40.55:713][589]LogEnum:Warning: Enum name collision: 'BigAIState::NewEnumerator2' is in both '/Game/ThirdPersonBP/Blueprints/ZONEAI/BigAIState.BigAIState' and '/Game/ThirdPersonBP/Blueprints/BigAi/BigAIState.BigAIState'
[2017.07.31-14.40.55:716][589]LogSavePackage: Save=4.73ms
[2017.07.31-14.40.55:716][589]LogSavePackage: Moving '../../../../../../Users/Just_0n/Documents/GitHub/CthuluhEatsAMan/CthuluEatsMan/Saved/BigAIState_Auto17C460DF546D2C5625C9011A6D05D5CC2.tmp' to '../../../../../../Users/Just_0n/Documents/GitHub/CthuluhEatsAMan/CthuluEatsMan/Saved/Autosaves/Game/ThirdPersonBP/Blueprints/ZONEAI/BigAIState_Auto1.uasset'
[2017.07.31-14.40.55:717][589]LogSavePackage:Display: Finished SavePackage ../../../../../../Users/Just_0n/Documents/GitHub/CthuluhEatsAMan/CthuluEatsMan/Saved/Autosaves/Game/ThirdPersonBP/Blueprints/ZONEAI/BigAIState_Auto1.uasset
[2017.07.31-14.40.55:718][589]OBJ SavePackage: Generating thumbnails for [0] asset(s) in package [/Game/ThirdPersonBP/Blueprints/ZONEAI/BigAI_VisionTest] ([1] browsable assets)...
[2017.07.31-14.40.55:718][589]OBJ SavePackage: Finished generating thumbnails for package [/Game/ThirdPersonBP/Blueprints/ZONEAI/BigAI_VisionTest]
[2017.07.31-14.40.55:801][589]LogSavePackage: Save=44.71ms
[2017.07.31-14.40.55:801][589]LogSavePackage: Moving '../../../../../../Users/Just_0n/Documents/GitHub/CthuluhEatsAMan/CthuluEatsMan/Saved/BigAI_VisionTest_Auto1566ED28E47863AC95855E2928F6BE7C4.tmp' to '../../../../../../Users/Just_0n/Documents/GitHub/CthuluhEatsAMan/CthuluEatsMan/Saved/Autosaves/Game/ThirdPersonBP/Blueprints/ZONEAI/BigAI_VisionTest_Auto1.uasset'
[2017.07.31-14.40.55:802][589]LogSavePackage:Display: Finished SavePackage ../../../../../../Users/Just_0n/Documents/GitHub/CthuluhEatsAMan/CthuluEatsMan/Saved/Autosaves/Game/ThirdPersonBP/Blueprints/ZONEAI/BigAI_VisionTest_Auto1.uasset
[2017.07.31-14.40.55:802][589]OBJ SavePackage: Generating thumbnails for [0] asset(s) in package [/Game/ThirdPersonBP/Blueprints/ZONEAI/BigAI_BlackBoard] ([1] browsable assets)...
[2017.07.31-14.40.55:802][589]OBJ SavePackage: Finished generating thumbnails for package [/Game/ThirdPersonBP/Blueprints/ZONEAI/BigAI_BlackBoard]
[2017.07.31-14.40.55:809][589]LogSavePackage: Save=4.96ms
[2017.07.31-14.40.55:809][589]LogSavePackage: Moving '../../../../../../Users/Just_0n/Documents/GitHub/CthuluhEatsAMan/CthuluEatsMan/Saved/BigAI_BlackBoard_Auto17DCD213A4E1AFCBEDC188786F54C22B1.tmp' to '../../../../../../Users/Just_0n/Documents/GitHub/CthuluhEatsAMan/CthuluEatsMan/Saved/Autosaves/Game/ThirdPersonBP/Blueprints/ZONEAI/BigAI_BlackBoard_Auto1.uasset'
[2017.07.31-14.40.55:810][589]LogSavePackage:Display: Finished SavePackage ../../../../../../Users/Just_0n/Documents/GitHub/CthuluhEatsAMan/CthuluEatsMan/Saved/Autosaves/Game/ThirdPersonBP/Blueprints/ZONEAI/BigAI_BlackBoard_Auto1.uasset
[2017.07.31-14.40.55:811][589]OBJ SavePackage: Generating thumbnails for [0] asset(s) in package [/Game/ThirdPersonBP/Blueprints/ZONEAI/BigAI_DestroyMarker] ([1] browsable assets)...
[2017.07.31-14.40.55:811][589]OBJ SavePackage: Finished generating thumbnails for package [/Game/ThirdPersonBP/Blueprints/ZONEAI/BigAI_DestroyMarker]
[2017.07.31-14.40.55:830][589]LogSavePackage: Save=17.23ms
[2017.07.31-14.40.55:830][589]LogSavePackage: Moving '../../../../../../Users/Just_0n/Documents/GitHub/CthuluhEatsAMan/CthuluEatsMan/Saved/BigAI_DestroyMarker_Auto1FAD87DBE4E8DECBB4ED093B441252DE4.tmp' to '../../../../../../Users/Just_0n/Documents/GitHub/CthuluhEatsAMan/CthuluEatsMan/Saved/Autosaves/Game/ThirdPersonBP/Blueprints/ZONEAI/BigAI_DestroyMarker_Auto1.uasset'
[2017.07.31-14.40.55:831][589]LogSavePackage:Display: Finished SavePackage ../../../../../../Users/Just_0n/Documents/GitHub/CthuluhEatsAMan/CthuluEatsMan/Saved/Autosaves/Game/ThirdPersonBP/Blueprints/ZONEAI/BigAI_DestroyMarker_Auto1.uasset
[2017.07.31-14.40.55:831][589]OBJ SavePackage: Generating thumbnails for [0] asset(s) in package [/Game/ThirdPersonBP/Blueprints/ZONEAI/BigAI_SetWalkSpeed] ([1] browsable assets)...
[2017.07.31-14.40.55:831][589]OBJ SavePackage: Finished generating thumbnails for package [/Game/ThirdPersonBP/Blueprints/ZONEAI/BigAI_SetWalkSpeed]
[2017.07.31-14.40.55:854][589]LogSavePackage: Save=19.71ms
[2017.07.31-14.40.55:854][589]LogSavePackage: Moving '../../../../../../Users/Just_0n/Documents/GitHub/CthuluhEatsAMan/CthuluEatsMan/Saved/BigAI_SetWalkSpeed_Auto1E3C051C74DBB160032ADFCBA6826D53D.tmp' to '../../../../../../Users/Just_0n/Documents/GitHub/CthuluhEatsAMan/CthuluEatsMan/Saved/Autosaves/Game/ThirdPersonBP/Blueprints/ZONEAI/BigAI_SetWalkSpeed_Auto1.uasset'
[2017.07.31-14.40.55:854][589]LogSavePackage:Display: Finished SavePackage ../../../../../../Users/Just_0n/Documents/GitHub/CthuluhEatsAMan/CthuluEatsMan/Saved/Autosaves/Game/ThirdPersonBP/Blueprints/ZONEAI/BigAI_SetWalkSpeed_Auto1.uasset
[2017.07.31-14.40.55:855][589]OBJ SavePackage: Generating thumbnails for [0] asset(s) in package [/Game/ThirdPersonBP/Blueprints/ZONEAI/BigAI_WanderTest] ([1] browsable assets)...
[2017.07.31-14.40.55:855][589]OBJ SavePackage: Finished generating thumbnails for package [/Game/ThirdPersonBP/Blueprints/ZONEAI/BigAI_WanderTest]
[2017.07.31-14.40.55:882][589]LogSavePackage: Save=25.06ms
[2017.07.31-14.40.55:882][589]LogSavePackage: Moving '../../../../../../Users/Just_0n/Documents/GitHub/CthuluhEatsAMan/CthuluEatsMan/Saved/BigAI_WanderTest_Auto1A914C1C042859BAC062CF4B4DD98AF61.tmp' to '../../../../../../Users/Just_0n/Documents/GitHub/CthuluhEatsAMan/CthuluEatsMan/Saved/Autosaves/Game/ThirdPersonBP/Blueprints/ZONEAI/BigAI_WanderTest_Auto1.uasset'
[2017.07.31-14.40.55:882][589]LogSavePackage:Display: Finished SavePackage ../../../../../../Users/Just_0n/Documents/GitHub/CthuluhEatsAMan/CthuluEatsMan/Saved/Autosaves/Game/ThirdPersonBP/Blueprints/ZONEAI/BigAI_WanderTest_Auto1.uasset
[2017.07.31-14.40.55:883][589]OBJ SavePackage: Generating thumbnails for [0] asset(s) in package [/Game/ThirdPersonBP/Blueprints/ZONEAI/BigAI_Behaviortree] ([1] browsable assets)...
[2017.07.31-14.40.55:883][589]OBJ SavePackage: Finished generating thumbnails for package [/Game/ThirdPersonBP/Blueprints/ZONEAI/BigAI_Behaviortree]
[2017.07.31-14.40.55:897][589]LogSavePackage: Save=12.65ms
[2017.07.31-14.40.55:897][589]LogSavePackage: Moving '../../../../../../Users/Just_0n/Documents/GitHub/CthuluhEatsAMan/CthuluEatsMan/Saved/BigAI_Behaviortree_Auto1A07C6F114A76895C1F720087F9C6B632.tmp' to '../../../../../../Users/Just_0n/Documents/GitHub/CthuluhEatsAMan/CthuluEatsMan/Saved/Autosaves/Game/ThirdPersonBP/Blueprints/ZONEAI/BigAI_Behaviortree_Auto1.uasset'
[2017.07.31-14.40.55:898][589]LogSavePackage:Display: Finished SavePackage ../../../../../../Users/Just_0n/Documents/GitHub/CthuluhEatsAMan/CthuluEatsMan/Saved/Autosaves/Game/ThirdPersonBP/Blueprints/ZONEAI/BigAI_Behaviortree_Auto1.uasset
[2017.07.31-14.40.55:898][589]LogFileHelpers: Auto-saving content packages took 0.474
[2017.07.31-14.41.27:860][ 67]LogSlate:Warning: Prevented a slow task dialog from being summoned while a context menu was open
[2017.07.31-14.50.56:126][614]LogFileHelpers: Editor autosave (incl. sublevels) for '/Game/ThirdPersonBP/Maps/ThirdPersonExampleMap' took 0.019
[2017.07.31-14.50.56:127][614]OBJ SavePackage: Generating thumbnails for [1] asset(s) in package [/Game/ThirdPersonBP/Blueprints/ZONEAI/ZoneAi] ([1] browsable assets)...
[2017.07.31-14.50.56:147][614]OBJ SavePackage:     Rendered thumbnail for [Blueprint /Game/ThirdPersonBP/Blueprints/ZONEAI/ZoneAi.ZoneAi]
[2017.07.31-14.50.56:147][614]OBJ SavePackage: Finished generating thumbnails for package [/Game/ThirdPersonBP/Blueprints/ZONEAI/ZoneAi]
[2017.07.31-14.50.56:211][614]LogSavePackage: Save=51.33ms
[2017.07.31-14.50.56:211][614]LogSavePackage: Moving '../../../../../../Users/Just_0n/Documents/GitHub/CthuluhEatsAMan/CthuluEatsMan/Saved/ZoneAi_Auto27F3CEEEE4222EC484367E5BF260B13CD.tmp' to '../../../../../../Users/Just_0n/Documents/GitHub/CthuluhEatsAMan/CthuluEatsMan/Saved/Autosaves/Game/ThirdPersonBP/Blueprints/ZONEAI/ZoneAi_Auto2.uasset'
[2017.07.31-14.50.56:211][614]LogSavePackage:Display: Finished SavePackage ../../../../../../Users/Just_0n/Documents/GitHub/CthuluhEatsAMan/CthuluEatsMan/Saved/Autosaves/Game/ThirdPersonBP/Blueprints/ZONEAI/ZoneAi_Auto2.uasset
[2017.07.31-14.50.56:211][614]LogFileHelpers: Auto-saving content packages took 0.085
[2017.07.31-14.55.02:789][450]LogMaterial: Missing cached shader map for material Material_0, compiling. 
[2017.07.31-14.55.02:790][450]LogTemp:Display: Added material ShaderMap 0x00000205A43BE080 with Material 0x000002058255A800 to ShaderMapsBeingCompiled
[2017.07.31-14.55.02:855][450]LogTemp:Display: Kicking off shader compilation for Material_0, GameThreadShaderMap 0x00000205A43BE080
[2017.07.31-14.55.02:896][451]LogMaterial: Missing cached shader map for material Material_1, compiling. 
[2017.07.31-14.55.02:896][451]LogTemp:Display: Added material ShaderMap 0x00000205A5E28800 with Material 0x000002058E14A200 to ShaderMapsBeingCompiled
[2017.07.31-14.55.02:935][451]LogTemp:Display: Kicking off shader compilation for Material_1, GameThreadShaderMap 0x00000205A5E28800
[2017.07.31-14.55.03:040][452]LogMaterial: Missing cached shader map for material Material_2, compiling. 
[2017.07.31-14.55.03:041][452]LogTemp:Display: Added material ShaderMap 0x00000205208A8480 with Material 0x0000020585929F00 to ShaderMapsBeingCompiled
[2017.07.31-14.55.03:078][452]LogTemp:Display: Kicking off shader compilation for Material_2, GameThreadShaderMap 0x00000205208A8480
[2017.07.31-14.55.03:156][453]LogMaterial: Missing cached shader map for material Material_3, compiling. 
[2017.07.31-14.55.03:158][453]LogTemp:Display: Added material ShaderMap 0x00000205208A9600 with Material 0x0000020581F2F280 to ShaderMapsBeingCompiled
[2017.07.31-14.55.03:198][453]LogTemp:Display: Kicking off shader compilation for Material_3, GameThreadShaderMap 0x00000205208A9600
[2017.07.31-14.55.07:046][647]LogTemp:Display: Finished compile of shader map 0x00000205A43BE080
[2017.07.31-14.55.07:046][647]LogTemp:Display: Shader map Material_0 complete, GameThreadShaderMap 0x00000205A43BE080, marking material Material_0 as finished
[2017.07.31-14.55.07:046][647]LogTemp:Display: Marking material as finished 0x000002058255A800
[2017.07.31-14.55.09:207][768]LogTemp:Display: Finished compile of shader map 0x00000205A5E28800
[2017.07.31-14.55.09:207][768]LogTemp:Display: Shader map Material_1 complete, GameThreadShaderMap 0x00000205A5E28800, marking material Material_1 as finished
[2017.07.31-14.55.09:207][768]LogTemp:Display: Marking material as finished 0x000002058E14A200
[2017.07.31-14.55.11:515][854]LogTemp:Display: Finished compile of shader map 0x00000205208A8480
[2017.07.31-14.55.11:515][854]LogTemp:Display: Shader map Material_2 complete, GameThreadShaderMap 0x00000205208A8480, marking material Material_2 as finished
[2017.07.31-14.55.11:515][854]LogTemp:Display: Marking material as finished 0x0000020585929F00
[2017.07.31-14.55.12:604][914]LogTemp:Display: Finished compile of shader map 0x00000205208A9600
[2017.07.31-14.55.12:604][914]LogTemp:Display: Shader map Material_3 complete, GameThreadShaderMap 0x00000205208A9600, marking material Material_3 as finished
[2017.07.31-14.55.12:604][914]LogTemp:Display: Marking material as finished 0x0000020581F2F280
[2017.07.31-15.21.58:055][676]LogContentBrowser: Native class hierarchy updated for 'SkeletonEditor' in 0.0006 seconds. Added 1 classes and 2 folders.
[2017.07.31-15.21.58:403][676]LogActorComponent: RegisterComponentWithWorld: (/Engine/Transient.World_21:PersistentLevel.Actor_0.DebugSkelMeshComponent_0) Already registered. Aborting.
[2017.07.31-15.21.58:817][677]LogRenderer: Reallocating scene render targets to support 1168x928 NumSamples 1 (Frame:103248).
[2017.07.31-15.22.02:480][923]LogActorComponent: RegisterComponentWithWorld: (/Engine/Transient.World_22:PersistentLevel.Actor_1.DebugSkelMeshComponent_1) Already registered. Aborting.
[2017.07.31-17.52.04:503][540]LogActorComponent: UnregisterComponent: (/Engine/Transient.EditorFloorComp) Not registered. Aborting.
[2017.07.31-17.52.04:583][540]LogActorComponent: UnregisterComponent: (/Engine/Transient.EditorFloorComp) Not registered. Aborting.
[2017.07.31-17.52.04:662][540]LogActorComponent: UnregisterComponent: (/Engine/Transient.EditorFloorComp) Not registered. Aborting.
[2017.07.31-17.52.04:735][540]LogActorComponent: UnregisterComponent: (/Engine/Transient.EditorFloorComp) Not registered. Aborting.
[2017.07.31-17.52.31:669][882]LogBlueprint:Error: [Compiler PersistentLevel.ThirdPersonExampleMap] Error Spawn node  Create Widget  must have a class specified.
[2017.07.31-17.52.31:868][882]LogBlueprint:Warning: [Compiler PersistentLevel.ThirdPersonExampleMap] Warning [2141.01] Compile of PersistentLevel.ThirdPersonExampleMap failed. 1 Fatal Issue(s) 0 Warning(s) [in 200 ms] (/Game/ThirdPersonBP/Maps/ThirdPersonExampleMap.ThirdPersonExampleMap:PersistentLevel.ThirdPersonExampleMap)
[2017.07.31-17.52.31:868][882]LogBlueprint:Warning: [Compiler PersistentLevel.ThirdPersonExampleMap] Warning [2141.01] Compile of PersistentLevel.ThirdPersonExampleMap failed. 1 Fatal Issue(s) 1 Warning(s) [in 0 ms] (/Game/ThirdPersonBP/Maps/ThirdPersonExampleMap.ThirdPersonExampleMap:PersistentLevel.ThirdPersonExampleMap)
[2017.07.31-17.52.31:868][882]LogBlueprint:Warning: [Compiler PersistentLevel.ThirdPersonExampleMap] Warning [2141.01] Compile of PersistentLevel.ThirdPersonExampleMap failed. 1 Fatal Issue(s) 2 Warning(s) [in 0 ms] (/Game/ThirdPersonBP/Maps/ThirdPersonExampleMap.ThirdPersonExampleMap:PersistentLevel.ThirdPersonExampleMap)
[2017.07.31-17.52.31:868][882]LogBlueprint:Warning: [Compiler PersistentLevel.ThirdPersonExampleMap] Warning [2141.01] Compile of PersistentLevel.ThirdPersonExampleMap failed. 1 Fatal Issue(s) 3 Warning(s) [in 0 ms] (/Game/ThirdPersonBP/Maps/ThirdPersonExampleMap.ThirdPersonExampleMap:PersistentLevel.ThirdPersonExampleMap)
[2017.07.31-17.52.31:869][882]LogBlueprint:Warning: [Compiler PersistentLevel.ThirdPersonExampleMap] Warning [2141.01] Compile of PersistentLevel.ThirdPersonExampleMap failed. 1 Fatal Issue(s) 4 Warning(s) [in 0 ms] (/Game/ThirdPersonBP/Maps/ThirdPersonExampleMap.ThirdPersonExampleMap:PersistentLevel.ThirdPersonExampleMap)
[2017.07.31-17.52.31:869][882]LogBlueprint:Warning: [Compiler PersistentLevel.ThirdPersonExampleMap] Warning [2141.01] Compile of PersistentLevel.ThirdPersonExampleMap failed. 1 Fatal Issue(s) 5 Warning(s) [in 0 ms] (/Game/ThirdPersonBP/Maps/ThirdPersonExampleMap.ThirdPersonExampleMap:PersistentLevel.ThirdPersonExampleMap)
[2017.07.31-17.52.31:949][882]LogSavePackage: Save=282.93ms
[2017.07.31-17.52.31:949][882]LogSavePackage: Moving '../../../../../../Users/Just_0n/Documents/GitHub/CthuluhEatsAMan/CthuluEatsMan/Saved/ThirdPersonExampleMap8CC4BB774B3B638BF384EBBB7707245D.tmp' to '../../../../../../Users/Just_0n/Documents/GitHub/CthuluhEatsAMan/CthuluEatsMan/Content/ThirdPersonBP/Maps/ThirdPersonExampleMap.umap'
[2017.07.31-17.52.31:956][882]LogSavePackage:Display: Finished SavePackage ../../../../../../Users/Just_0n/Documents/GitHub/CthuluhEatsAMan/CthuluEatsMan/Content/ThirdPersonBP/Maps/ThirdPersonExampleMap.umap
[2017.07.31-17.52.31:988][882]LogFileHelpers: Saving map 'ThirdPersonExampleMap' took 4.190
[2017.07.31-17.52.32:007][882]LogSavePackage: Save=13.58ms
[2017.07.31-17.52.32:007][882]LogSavePackage: Moving '../../../../../../Users/Just_0n/Documents/GitHub/CthuluhEatsAMan/CthuluEatsMan/Saved/BigAI_ControllerC68B56C64C3FACA791F04184FB88576F.tmp' to '../../../../../../Users/Just_0n/Documents/GitHub/CthuluhEatsAMan/CthuluEatsMan/Content/ThirdPersonBP/Blueprints/ZONEAI/BigAI_Controller.uasset'
[2017.07.31-17.52.32:014][882]LogSavePackage:Display: Finished SavePackage ../../../../../../Users/Just_0n/Documents/GitHub/CthuluhEatsAMan/CthuluEatsMan/Content/ThirdPersonBP/Blueprints/ZONEAI/BigAI_Controller.uasset
[2017.07.31-17.52.32:023][882]LogSavePackage: Save=4.58ms
[2017.07.31-17.52.32:023][882]LogSavePackage: Moving '../../../../../../Users/Just_0n/Documents/GitHub/CthuluhEatsAMan/CthuluEatsMan/Saved/BIGAI7E6FA58C4BA031372C6D06B285E60D67.tmp' to '../../../../../../Users/Just_0n/Documents/GitHub/CthuluhEatsAMan/CthuluEatsMan/Content/ThirdPersonBP/Blueprints/ZONEAI/BIGAI.uasset'
[2017.07.31-17.52.32:030][882]LogSavePackage:Display: Finished SavePackage ../../../../../../Users/Just_0n/Documents/GitHub/CthuluhEatsAMan/CthuluEatsMan/Content/ThirdPersonBP/Blueprints/ZONEAI/BIGAI.uasset
[2017.07.31-17.52.32:034][882]LogEnum:Warning: Enum name collision: 'BigAIState::NewEnumerator0' is in both '/Game/ThirdPersonBP/Blueprints/ZONEAI/BigAIState.BigAIState' and '/Game/ThirdPersonBP/Blueprints/BigAi/BigAIState.BigAIState'
[2017.07.31-17.52.32:034][882]LogEnum:Warning: Enum name collision: 'BigAIState::NewEnumerator1' is in both '/Game/ThirdPersonBP/Blueprints/ZONEAI/BigAIState.BigAIState' and '/Game/ThirdPersonBP/Blueprints/BigAi/BigAIState.BigAIState'
[2017.07.31-17.52.32:034][882]LogEnum:Warning: Enum name collision: 'BigAIState::NewEnumerator2' is in both '/Game/ThirdPersonBP/Blueprints/ZONEAI/BigAIState.BigAIState' and '/Game/ThirdPersonBP/Blueprints/BigAi/BigAIState.BigAIState'
[2017.07.31-17.52.32:034][882]LogEnum:Warning: Enum name collision: 'BigAIState::NewEnumerator0' is in both '/Game/ThirdPersonBP/Blueprints/ZONEAI/BigAIState.BigAIState' and '/Game/ThirdPersonBP/Blueprints/BigAi/BigAIState.BigAIState'
[2017.07.31-17.52.32:034][882]LogEnum:Warning: Enum name collision: 'BigAIState::NewEnumerator1' is in both '/Game/ThirdPersonBP/Blueprints/ZONEAI/BigAIState.BigAIState' and '/Game/ThirdPersonBP/Blueprints/BigAi/BigAIState.BigAIState'
[2017.07.31-17.52.32:034][882]LogEnum:Warning: Enum name collision: 'BigAIState::NewEnumerator2' is in both '/Game/ThirdPersonBP/Blueprints/ZONEAI/BigAIState.BigAIState' and '/Game/ThirdPersonBP/Blueprints/BigAi/BigAIState.BigAIState'
[2017.07.31-17.52.32:034][882]LogEnum:Warning: Enum name collision: 'BigAIState::NewEnumerator0' is in both '/Game/ThirdPersonBP/Blueprints/ZONEAI/BigAIState.BigAIState' and '/Game/ThirdPersonBP/Blueprints/BigAi/BigAIState.BigAIState'
[2017.07.31-17.52.32:034][882]LogEnum:Warning: Enum name collision: 'BigAIState::NewEnumerator1' is in both '/Game/ThirdPersonBP/Blueprints/ZONEAI/BigAIState.BigAIState' and '/Game/ThirdPersonBP/Blueprints/BigAi/BigAIState.BigAIState'
[2017.07.31-17.52.32:034][882]LogEnum:Warning: Enum name collision: 'BigAIState::NewEnumerator2' is in both '/Game/ThirdPersonBP/Blueprints/ZONEAI/BigAIState.BigAIState' and '/Game/ThirdPersonBP/Blueprints/BigAi/BigAIState.BigAIState'
[2017.07.31-17.52.32:034][882]LogEnum:Warning: Enum name collision: 'BigAIState::NewEnumerator0' is in both '/Game/ThirdPersonBP/Blueprints/ZONEAI/BigAIState.BigAIState' and '/Game/ThirdPersonBP/Blueprints/BigAi/BigAIState.BigAIState'
[2017.07.31-17.52.32:034][882]LogEnum:Warning: Enum name collision: 'BigAIState::NewEnumerator1' is in both '/Game/ThirdPersonBP/Blueprints/ZONEAI/BigAIState.BigAIState' and '/Game/ThirdPersonBP/Blueprints/BigAi/BigAIState.BigAIState'
[2017.07.31-17.52.32:034][882]LogEnum:Warning: Enum name collision: 'BigAIState::NewEnumerator2' is in both '/Game/ThirdPersonBP/Blueprints/ZONEAI/BigAIState.BigAIState' and '/Game/ThirdPersonBP/Blueprints/BigAi/BigAIState.BigAIState'
[2017.07.31-17.52.32:034][882]LogEnum:Warning: Enum name collision: 'BigAIState::NewEnumerator0' is in both '/Game/ThirdPersonBP/Blueprints/ZONEAI/BigAIState.BigAIState' and '/Game/ThirdPersonBP/Blueprints/BigAi/BigAIState.BigAIState'
[2017.07.31-17.52.32:034][882]LogEnum:Warning: Enum name collision: 'BigAIState::NewEnumerator1' is in both '/Game/ThirdPersonBP/Blueprints/ZONEAI/BigAIState.BigAIState' and '/Game/ThirdPersonBP/Blueprints/BigAi/BigAIState.BigAIState'
[2017.07.31-17.52.32:034][882]LogEnum:Warning: Enum name collision: 'BigAIState::NewEnumerator2' is in both '/Game/ThirdPersonBP/Blueprints/ZONEAI/BigAIState.BigAIState' and '/Game/ThirdPersonBP/Blueprints/BigAi/BigAIState.BigAIState'
[2017.07.31-17.52.32:038][882]LogSavePackage: Save=4.65ms
[2017.07.31-17.52.32:038][882]LogSavePackage: Moving '../../../../../../Users/Just_0n/Documents/GitHub/CthuluhEatsAMan/CthuluEatsMan/Saved/BigAIStateB942D754494068C595E44FB549B3ACF3.tmp' to '../../../../../../Users/Just_0n/Documents/GitHub/CthuluhEatsAMan/CthuluEatsMan/Content/ThirdPersonBP/Blueprints/ZONEAI/BigAIState.uasset'
[2017.07.31-17.52.32:045][882]LogSavePackage:Display: Finished SavePackage ../../../../../../Users/Just_0n/Documents/GitHub/CthuluhEatsAMan/CthuluEatsMan/Content/ThirdPersonBP/Blueprints/ZONEAI/BigAIState.uasset
[2017.07.31-17.52.32:113][882]LogSavePackage: Save=60.72ms
[2017.07.31-17.52.32:113][882]LogSavePackage: Moving '../../../../../../Users/Just_0n/Documents/GitHub/CthuluhEatsAMan/CthuluEatsMan/Saved/BigAI_VisionTest9999F42C46AA31964C8E3BA11338D1C7.tmp' to '../../../../../../Users/Just_0n/Documents/GitHub/CthuluhEatsAMan/CthuluEatsMan/Content/ThirdPersonBP/Blueprints/ZONEAI/BigAI_VisionTest.uasset'
[2017.07.31-17.52.32:120][882]LogSavePackage:Display: Finished SavePackage ../../../../../../Users/Just_0n/Documents/GitHub/CthuluhEatsAMan/CthuluEatsMan/Content/ThirdPersonBP/Blueprints/ZONEAI/BigAI_VisionTest.uasset
[2017.07.31-17.52.32:134][882]LogSavePackage: Save=7.60ms
[2017.07.31-17.52.32:134][882]LogSavePackage: Moving '../../../../../../Users/Just_0n/Documents/GitHub/CthuluhEatsAMan/CthuluEatsMan/Saved/BigAI_BlackBoard2AACBB324F0E17ECBF692BBB553C64C0.tmp' to '../../../../../../Users/Just_0n/Documents/GitHub/CthuluhEatsAMan/CthuluEatsMan/Content/ThirdPersonBP/Blueprints/ZONEAI/BigAI_BlackBoard.uasset'
[2017.07.31-17.52.32:141][882]LogSavePackage:Display: Finished SavePackage ../../../../../../Users/Just_0n/Documents/GitHub/CthuluhEatsAMan/CthuluEatsMan/Content/ThirdPersonBP/Blueprints/ZONEAI/BigAI_BlackBoard.uasset
[2017.07.31-17.52.32:166][882]LogSavePackage: Save=20.65ms
[2017.07.31-17.52.32:167][882]LogSavePackage: Moving '../../../../../../Users/Just_0n/Documents/GitHub/CthuluhEatsAMan/CthuluEatsMan/Saved/BigAI_DestroyMarkerFF92900C4DA82DF658CA5493B137C44A.tmp' to '../../../../../../Users/Just_0n/Documents/GitHub/CthuluhEatsAMan/CthuluEatsMan/Content/ThirdPersonBP/Blueprints/ZONEAI/BigAI_DestroyMarker.uasset'
[2017.07.31-17.52.32:174][882]LogSavePackage:Display: Finished SavePackage ../../../../../../Users/Just_0n/Documents/GitHub/CthuluhEatsAMan/CthuluEatsMan/Content/ThirdPersonBP/Blueprints/ZONEAI/BigAI_DestroyMarker.uasset
[2017.07.31-17.52.32:200][882]LogSavePackage: Save=19.56ms
[2017.07.31-17.52.32:200][882]LogSavePackage: Moving '../../../../../../Users/Just_0n/Documents/GitHub/CthuluhEatsAMan/CthuluEatsMan/Saved/BigAI_SetWalkSpeed571DFBAC4E57D07CAE0F178B47E56F28.tmp' to '../../../../../../Users/Just_0n/Documents/GitHub/CthuluhEatsAMan/CthuluEatsMan/Content/ThirdPersonBP/Blueprints/ZONEAI/BigAI_SetWalkSpeed.uasset'
[2017.07.31-17.52.32:207][882]LogSavePackage:Display: Finished SavePackage ../../../../../../Users/Just_0n/Documents/GitHub/CthuluhEatsAMan/CthuluEatsMan/Content/ThirdPersonBP/Blueprints/ZONEAI/BigAI_SetWalkSpeed.uasset
[2017.07.31-17.52.32:233][882]LogSavePackage: Save=21.35ms
[2017.07.31-17.52.32:233][882]LogSavePackage: Moving '../../../../../../Users/Just_0n/Documents/GitHub/CthuluhEatsAMan/CthuluEatsMan/Saved/BigAI_WanderTestCF59A8C6446414BCC58012ADD7DB299A.tmp' to '../../../../../../Users/Just_0n/Documents/GitHub/CthuluhEatsAMan/CthuluEatsMan/Content/ThirdPersonBP/Blueprints/ZONEAI/BigAI_WanderTest.uasset'
[2017.07.31-17.52.32:239][882]LogSavePackage:Display: Finished SavePackage ../../../../../../Users/Just_0n/Documents/GitHub/CthuluhEatsAMan/CthuluEatsMan/Content/ThirdPersonBP/Blueprints/ZONEAI/BigAI_WanderTest.uasset
[2017.07.31-17.52.32:253][882]LogSavePackage: Save=10.63ms
[2017.07.31-17.52.32:253][882]LogSavePackage: Moving '../../../../../../Users/Just_0n/Documents/GitHub/CthuluhEatsAMan/CthuluEatsMan/Saved/BigAI_Behaviortree273118CA497EB946E72BD499535E546E.tmp' to '../../../../../../Users/Just_0n/Documents/GitHub/CthuluhEatsAMan/CthuluEatsMan/Content/ThirdPersonBP/Blueprints/ZONEAI/BigAI_Behaviortree.uasset'
[2017.07.31-17.52.32:258][882]LogSavePackage:Display: Finished SavePackage ../../../../../../Users/Just_0n/Documents/GitHub/CthuluhEatsAMan/CthuluEatsMan/Content/ThirdPersonBP/Blueprints/ZONEAI/BigAI_Behaviortree.uasset
[2017.07.31-17.52.32:315][882]LogSavePackage: Save=45.41ms
[2017.07.31-17.52.32:315][882]LogSavePackage: Moving '../../../../../../Users/Just_0n/Documents/GitHub/CthuluhEatsAMan/CthuluEatsMan/Saved/ZoneAiF56FD5AC4546D1ECD61F75B47648AF57.tmp' to '../../../../../../Users/Just_0n/Documents/GitHub/CthuluhEatsAMan/CthuluEatsMan/Content/ThirdPersonBP/Blueprints/ZONEAI/ZoneAi.uasset'
[2017.07.31-17.52.32:320][882]LogSavePackage:Display: Finished SavePackage ../../../../../../Users/Just_0n/Documents/GitHub/CthuluhEatsAMan/CthuluEatsMan/Content/ThirdPersonBP/Blueprints/ZONEAI/ZoneAi.uasset
